The system is: Linux - 5.15.167.4-microsoft-standard-WSL2 - x86_64
Compiling the CXX compiler identification source file "CMakeCXXCompilerId.cpp" succeeded.
Compiler: /home/cosmos/anaconda3/bin/x86_64-conda-linux-gnu-c++ 
Build flags: -fvisibility=default
Id flags:  

The output was:
0


Compilation of the CXX compiler identification source "CMakeCXXCompilerId.cpp" produced "a.out"

The CXX compiler identification is GNU, found in "/home/cosmos/alphazero-multi-game/build_new/CMakeFiles/3.22.1/CompilerIdCXX/a.out"

Detecting CXX compiler ABI info compiled with the following output:
Change Dir: /home/cosmos/alphazero-multi-game/build_new/CMakeFiles/CMakeTmp

Run Build Command(s):/usr/bin/gmake -f Makefile cmTC_25227/fast && /usr/bin/gmake  -f CMakeFiles/cmTC_25227.dir/build.make CMakeFiles/cmTC_25227.dir/build
gmake[1]: Entering directory '/home/cosmos/alphazero-multi-game/build_new/CMakeFiles/CMakeTmp'
Building CXX object CMakeFiles/cmTC_25227.dir/CMakeCXXCompilerABI.cpp.o
/home/cosmos/anaconda3/bin/x86_64-conda-linux-gnu-c++   -fvisibility=default    -v -o CMakeFiles/cmTC_25227.dir/CMakeCXXCompilerABI.cpp.o -c /usr/share/cmake-3.22/Modules/CMakeCXXCompilerABI.cpp
Reading specs from /home/cosmos/anaconda3/bin/../lib/gcc/x86_64-conda-linux-gnu/14.2.0/specs
could not find specs file conda.specs
COLLECT_GCC=/home/cosmos/anaconda3/bin/x86_64-conda-linux-gnu-c++
Target: x86_64-conda-linux-gnu
Configured with: ../configure --prefix=/home/conda/feedstock_root/build_artifacts/gcc_compilers_1740238128824/_h_env_placehold_placehold_placehold_placehold_placehold_placehold_placehold_placehold_placehold_placehold_placehold_placehold_placehold_placehold_placehold_placehold_placehold_placeho --with-slibdir=/home/conda/feedstock_root/build_artifacts/gcc_compilers_1740238128824/_h_env_placehold_placehold_placehold_placehold_placehold_placehold_placehold_placehold_placehold_placehold_placehold_placehold_placehold_placehold_placehold_placehold_placehold_placeho/lib --libdir=/home/conda/feedstock_root/build_artifacts/gcc_compilers_1740238128824/_h_env_placehold_placehold_placehold_placehold_placehold_placehold_placehold_placehold_placehold_placehold_placehold_placehold_placehold_placehold_placehold_placehold_placehold_placeho/lib --mandir=/home/conda/feedstock_root/build_artifacts/gcc_compilers_1740238128824/_h_env_placehold_placehold_placehold_placehold_placehold_placehold_placehold_placehold_placehold_placehold_placehold_placehold_placehold_placehold_placehold_placehold_placehold_placeho/man --build=x86_64-conda-linux-gnu --host=x86_64-conda-linux-gnu --target=x86_64-conda-linux-gnu --enable-languages=c,c++,fortran,objc,obj-c++ --enable-__cxa_atexit --disable-libmudflap --enable-libgomp --disable-libssp --enable-libquadmath --enable-libquadmath-support --enable-lto --enable-target-optspace --enable-plugin --enable-gold --disable-nls --disable-bootstrap --disable-multilib --enable-long-long --with-sysroot=/home/conda/feedstock_root/build_artifacts/gcc_compilers_1740238128824/_h_env_placehold_placehold_placehold_placehold_placehold_placehold_placehold_placehold_placehold_placehold_placehold_placehold_placehold_placehold_placehold_placehold_placehold_placeho/x86_64-conda-linux-gnu/sysroot --with-build-sysroot=/home/conda/feedstock_root/build_artifacts/gcc_compilers_1740238128824/work/cf-compilers/x86_64-conda-linux-gnu/sysroot --with-native-system-header-dir=/usr/include --with-gxx-include-dir=/home/conda/feedstock_root/build_artifacts/gcc_compilers_1740238128824/_h_env_placehold_placehold_placehold_placehold_placehold_placehold_placehold_placehold_placehold_placehold_placehold_placehold_placehold_placehold_placehold_placehold_placehold_placeho/lib/gcc/x86_64-conda-linux-gnu/14.2.0/include/c++ --with-pkgversion='conda-forge gcc 14.2.0-2' --with-bugurl=https://github.com/conda-forge/ctng-compilers-feedstock/issues/new/choose --enable-libsanitizer --enable-default-pie --enable-threads=posix
Thread model: posix
Supported LTO compression algorithms: zlib
gcc version 14.2.0 (conda-forge gcc 14.2.0-2) 
COLLECT_GCC_OPTIONS='-fvisibility=default' '-v' '-o' 'CMakeFiles/cmTC_25227.dir/CMakeCXXCompilerABI.cpp.o' '-c' '-shared-libgcc' '-mtune=generic' '-march=x86-64' '-dumpdir' 'CMakeFiles/cmTC_25227.dir/'
 /home/cosmos/anaconda3/bin/../libexec/gcc/x86_64-conda-linux-gnu/14.2.0/cc1plus -quiet -v -iprefix /home/cosmos/anaconda3/bin/../lib/gcc/x86_64-conda-linux-gnu/14.2.0/ -isysroot /home/cosmos/anaconda3/bin/../x86_64-conda-linux-gnu/sysroot -D_GNU_SOURCE /usr/share/cmake-3.22/Modules/CMakeCXXCompilerABI.cpp -quiet -dumpdir CMakeFiles/cmTC_25227.dir/ -dumpbase CMakeCXXCompilerABI.cpp.cpp -dumpbase-ext .cpp -mtune=generic -march=x86-64 -version -fvisibility=default -o /tmp/ccpiOF0t.s
GNU C++17 (conda-forge gcc 14.2.0-2) version 14.2.0 (x86_64-conda-linux-gnu)
	compiled by GNU C version 14.2.0, GMP version 6.2.1, MPFR version 4.1.0, MPC version 1.2.1, isl version isl-0.24-GMP

GGC heuristics: --param ggc-min-expand=100 --param ggc-min-heapsize=131072
ignoring nonexistent directory "/home/cosmos/anaconda3/bin/../lib/gcc/x86_64-conda-linux-gnu/14.2.0/../../../../x86_64-conda-linux-gnu/include"
ignoring duplicate directory "/home/cosmos/anaconda3/bin/../lib/gcc/../../lib/gcc/x86_64-conda-linux-gnu/14.2.0/include/c++"
ignoring duplicate directory "/home/cosmos/anaconda3/bin/../lib/gcc/../../lib/gcc/x86_64-conda-linux-gnu/14.2.0/include/c++/x86_64-conda-linux-gnu"
ignoring duplicate directory "/home/cosmos/anaconda3/bin/../lib/gcc/../../lib/gcc/x86_64-conda-linux-gnu/14.2.0/include/c++/backward"
ignoring duplicate directory "/home/cosmos/anaconda3/bin/../lib/gcc/../../lib/gcc/x86_64-conda-linux-gnu/14.2.0/include"
ignoring nonexistent directory "/home/cosmos/anaconda3/bin/../x86_64-conda-linux-gnu/sysroot/usr/local/include"
ignoring duplicate directory "/home/cosmos/anaconda3/bin/../lib/gcc/../../lib/gcc/x86_64-conda-linux-gnu/14.2.0/include-fixed"
ignoring nonexistent directory "/home/cosmos/anaconda3/bin/../lib/gcc/../../lib/gcc/x86_64-conda-linux-gnu/14.2.0/../../../../x86_64-conda-linux-gnu/include"
#include "..." search starts here:
#include <...> search starts here:
 /home/cosmos/anaconda3/bin/../lib/gcc/x86_64-conda-linux-gnu/14.2.0/include/c++
 /home/cosmos/anaconda3/bin/../lib/gcc/x86_64-conda-linux-gnu/14.2.0/include/c++/x86_64-conda-linux-gnu
 /home/cosmos/anaconda3/bin/../lib/gcc/x86_64-conda-linux-gnu/14.2.0/include/c++/backward
 /home/cosmos/anaconda3/bin/../lib/gcc/x86_64-conda-linux-gnu/14.2.0/include
 /home/cosmos/anaconda3/bin/../lib/gcc/x86_64-conda-linux-gnu/14.2.0/include-fixed
 /home/cosmos/anaconda3/bin/../x86_64-conda-linux-gnu/sysroot/usr/include
End of search list.
Compiler executable checksum: 471cb6a3a6e905902e47e89d6a5c33f7
COLLECT_GCC_OPTIONS='-fvisibility=default' '-v' '-o' 'CMakeFiles/cmTC_25227.dir/CMakeCXXCompilerABI.cpp.o' '-c' '-shared-libgcc' '-mtune=generic' '-march=x86-64' '-dumpdir' 'CMakeFiles/cmTC_25227.dir/'
 /home/cosmos/anaconda3/bin/../lib/gcc/x86_64-conda-linux-gnu/14.2.0/../../../../x86_64-conda-linux-gnu/bin/as -v --64 -o CMakeFiles/cmTC_25227.dir/CMakeCXXCompilerABI.cpp.o /tmp/ccpiOF0t.s
GNU assembler version 2.43 (x86_64-conda-linux-gnu) using BFD version (GNU Binutils) 2.43
COMPILER_PATH=/home/cosmos/anaconda3/bin/../libexec/gcc/x86_64-conda-linux-gnu/14.2.0/:/home/cosmos/anaconda3/bin/../libexec/gcc/:/home/cosmos/anaconda3/bin/../lib/gcc/x86_64-conda-linux-gnu/14.2.0/../../../../x86_64-conda-linux-gnu/bin/
LIBRARY_PATH=/home/cosmos/anaconda3/bin/../lib/gcc/x86_64-conda-linux-gnu/14.2.0/:/home/cosmos/anaconda3/bin/../lib/gcc/:/home/cosmos/anaconda3/bin/../lib/gcc/x86_64-conda-linux-gnu/14.2.0/../../../../x86_64-conda-linux-gnu/lib/../lib/:/home/cosmos/anaconda3/bin/../lib/gcc/x86_64-conda-linux-gnu/14.2.0/../../../../lib/:/home/cosmos/anaconda3/bin/../x86_64-conda-linux-gnu/sysroot/lib/../lib/:/home/cosmos/anaconda3/bin/../x86_64-conda-linux-gnu/sysroot/usr/lib/../lib/:/home/cosmos/anaconda3/bin/../lib/gcc/x86_64-conda-linux-gnu/14.2.0/../../../../x86_64-conda-linux-gnu/lib/:/home/cosmos/anaconda3/bin/../lib/gcc/x86_64-conda-linux-gnu/14.2.0/../../../:/home/cosmos/anaconda3/bin/../x86_64-conda-linux-gnu/sysroot/lib/:/home/cosmos/anaconda3/bin/../x86_64-conda-linux-gnu/sysroot/usr/lib/
COLLECT_GCC_OPTIONS='-fvisibility=default' '-v' '-o' 'CMakeFiles/cmTC_25227.dir/CMakeCXXCompilerABI.cpp.o' '-c' '-shared-libgcc' '-mtune=generic' '-march=x86-64' '-dumpdir' 'CMakeFiles/cmTC_25227.dir/CMakeCXXCompilerABI.cpp.'
Linking CXX executable cmTC_25227
/usr/bin/cmake -E cmake_link_script CMakeFiles/cmTC_25227.dir/link.txt --verbose=1
/home/cosmos/anaconda3/bin/x86_64-conda-linux-gnu-c++ -fvisibility=default  -Wl,-O2 -Wl,--sort-common -Wl,--as-needed -Wl,-z,relro -Wl,-z,now -Wl,--disable-new-dtags -Wl,--gc-sections -Wl,--allow-shlib-undefined -Wl,-rpath,/home/cosmos/anaconda3/lib -Wl,-rpath-link,/home/cosmos/anaconda3/lib -L/home/cosmos/anaconda3/lib -v CMakeFiles/cmTC_25227.dir/CMakeCXXCompilerABI.cpp.o -o cmTC_25227 
Reading specs from /home/cosmos/anaconda3/bin/../lib/gcc/x86_64-conda-linux-gnu/14.2.0/specs
could not find specs file conda.specs
COLLECT_GCC=/home/cosmos/anaconda3/bin/x86_64-conda-linux-gnu-c++
COLLECT_LTO_WRAPPER=/home/cosmos/anaconda3/bin/../libexec/gcc/x86_64-conda-linux-gnu/14.2.0/lto-wrapper
Target: x86_64-conda-linux-gnu
Configured with: ../configure --prefix=/home/conda/feedstock_root/build_artifacts/gcc_compilers_1740238128824/_h_env_placehold_placehold_placehold_placehold_placehold_placehold_placehold_placehold_placehold_placehold_placehold_placehold_placehold_placehold_placehold_placehold_placehold_placeho --with-slibdir=/home/conda/feedstock_root/build_artifacts/gcc_compilers_1740238128824/_h_env_placehold_placehold_placehold_placehold_placehold_placehold_placehold_placehold_placehold_placehold_placehold_placehold_placehold_placehold_placehold_placehold_placehold_placeho/lib --libdir=/home/conda/feedstock_root/build_artifacts/gcc_compilers_1740238128824/_h_env_placehold_placehold_placehold_placehold_placehold_placehold_placehold_placehold_placehold_placehold_placehold_placehold_placehold_placehold_placehold_placehold_placehold_placeho/lib --mandir=/home/conda/feedstock_root/build_artifacts/gcc_compilers_1740238128824/_h_env_placehold_placehold_placehold_placehold_placehold_placehold_placehold_placehold_placehold_placehold_placehold_placehold_placehold_placehold_placehold_placehold_placehold_placeho/man --build=x86_64-conda-linux-gnu --host=x86_64-conda-linux-gnu --target=x86_64-conda-linux-gnu --enable-languages=c,c++,fortran,objc,obj-c++ --enable-__cxa_atexit --disable-libmudflap --enable-libgomp --disable-libssp --enable-libquadmath --enable-libquadmath-support --enable-lto --enable-target-optspace --enable-plugin --enable-gold --disable-nls --disable-bootstrap --disable-multilib --enable-long-long --with-sysroot=/home/conda/feedstock_root/build_artifacts/gcc_compilers_1740238128824/_h_env_placehold_placehold_placehold_placehold_placehold_placehold_placehold_placehold_placehold_placehold_placehold_placehold_placehold_placehold_placehold_placehold_placehold_placeho/x86_64-conda-linux-gnu/sysroot --with-build-sysroot=/home/conda/feedstock_root/build_artifacts/gcc_compilers_1740238128824/work/cf-compilers/x86_64-conda-linux-gnu/sysroot --with-native-system-header-dir=/usr/include --with-gxx-include-dir=/home/conda/feedstock_root/build_artifacts/gcc_compilers_1740238128824/_h_env_placehold_placehold_placehold_placehold_placehold_placehold_placehold_placehold_placehold_placehold_placehold_placehold_placehold_placehold_placehold_placehold_placehold_placeho/lib/gcc/x86_64-conda-linux-gnu/14.2.0/include/c++ --with-pkgversion='conda-forge gcc 14.2.0-2' --with-bugurl=https://github.com/conda-forge/ctng-compilers-feedstock/issues/new/choose --enable-libsanitizer --enable-default-pie --enable-threads=posix
Thread model: posix
Supported LTO compression algorithms: zlib
gcc version 14.2.0 (conda-forge gcc 14.2.0-2) 
COMPILER_PATH=/home/cosmos/anaconda3/bin/../libexec/gcc/x86_64-conda-linux-gnu/14.2.0/:/home/cosmos/anaconda3/bin/../libexec/gcc/:/home/cosmos/anaconda3/bin/../lib/gcc/x86_64-conda-linux-gnu/14.2.0/../../../../x86_64-conda-linux-gnu/bin/
LIBRARY_PATH=/home/cosmos/anaconda3/bin/../lib/gcc/x86_64-conda-linux-gnu/14.2.0/:/home/cosmos/anaconda3/bin/../lib/gcc/:/home/cosmos/anaconda3/bin/../lib/gcc/x86_64-conda-linux-gnu/14.2.0/../../../../x86_64-conda-linux-gnu/lib/../lib/:/home/cosmos/anaconda3/bin/../lib/gcc/x86_64-conda-linux-gnu/14.2.0/../../../../lib/:/home/cosmos/anaconda3/bin/../x86_64-conda-linux-gnu/sysroot/lib/../lib/:/home/cosmos/anaconda3/bin/../x86_64-conda-linux-gnu/sysroot/usr/lib/../lib/:/home/cosmos/anaconda3/bin/../lib/gcc/x86_64-conda-linux-gnu/14.2.0/../../../../x86_64-conda-linux-gnu/lib/:/home/cosmos/anaconda3/bin/../lib/gcc/x86_64-conda-linux-gnu/14.2.0/../../../:/home/cosmos/anaconda3/bin/../x86_64-conda-linux-gnu/sysroot/lib/:/home/cosmos/anaconda3/bin/../x86_64-conda-linux-gnu/sysroot/usr/lib/
COLLECT_GCC_OPTIONS='-fvisibility=default' '-L/home/cosmos/anaconda3/lib' '-v' '-o' 'cmTC_25227' '-shared-libgcc' '-mtune=generic' '-march=x86-64' '-dumpdir' 'cmTC_25227.'
 /home/cosmos/anaconda3/bin/../libexec/gcc/x86_64-conda-linux-gnu/14.2.0/collect2 -plugin /home/cosmos/anaconda3/bin/../libexec/gcc/x86_64-conda-linux-gnu/14.2.0/liblto_plugin.so -plugin-opt=/home/cosmos/anaconda3/bin/../libexec/gcc/x86_64-conda-linux-gnu/14.2.0/lto-wrapper -plugin-opt=-fresolution=/tmp/ccdasC7m.res -plugin-opt=-pass-through=-lgcc_s -plugin-opt=-pass-through=-lgcc -plugin-opt=-pass-through=-lc -plugin-opt=-pass-through=-lgcc_s -plugin-opt=-pass-through=-lgcc --sysroot=/home/cosmos/anaconda3/bin/../x86_64-conda-linux-gnu/sysroot --eh-frame-hdr -m elf_x86_64 -dynamic-linker /lib64/ld-linux-x86-64.so.2 -pie -o cmTC_25227 /home/cosmos/anaconda3/bin/../x86_64-conda-linux-gnu/sysroot/usr/lib/../lib/Scrt1.o /home/cosmos/anaconda3/bin/../x86_64-conda-linux-gnu/sysroot/usr/lib/../lib/crti.o /home/cosmos/anaconda3/bin/../lib/gcc/x86_64-conda-linux-gnu/14.2.0/crtbeginS.o -L/home/cosmos/anaconda3/lib -L/home/cosmos/anaconda3/bin/../lib/gcc/x86_64-conda-linux-gnu/14.2.0 -L/home/cosmos/anaconda3/bin/../lib/gcc -L/home/cosmos/anaconda3/bin/../lib/gcc/x86_64-conda-linux-gnu/14.2.0/../../../../x86_64-conda-linux-gnu/lib/../lib -L/home/cosmos/anaconda3/bin/../lib/gcc/x86_64-conda-linux-gnu/14.2.0/../../../../lib -L/home/cosmos/anaconda3/bin/../x86_64-conda-linux-gnu/sysroot/lib/../lib -L/home/cosmos/anaconda3/bin/../x86_64-conda-linux-gnu/sysroot/usr/lib/../lib -L/home/cosmos/anaconda3/bin/../lib/gcc/x86_64-conda-linux-gnu/14.2.0/../../../../x86_64-conda-linux-gnu/lib -L/home/cosmos/anaconda3/bin/../lib/gcc/x86_64-conda-linux-gnu/14.2.0/../../.. -L/home/cosmos/anaconda3/bin/../x86_64-conda-linux-gnu/sysroot/lib -L/home/cosmos/anaconda3/bin/../x86_64-conda-linux-gnu/sysroot/usr/lib -O2 --sort-common --as-needed -z relro -z now --disable-new-dtags --gc-sections --allow-shlib-undefined -rpath /home/cosmos/anaconda3/lib -rpath-link /home/cosmos/anaconda3/lib CMakeFiles/cmTC_25227.dir/CMakeCXXCompilerABI.cpp.o -lstdc++ -lm -lgcc_s -lgcc -lc -lgcc_s -lgcc /home/cosmos/anaconda3/bin/../lib/gcc/x86_64-conda-linux-gnu/14.2.0/crtendS.o /home/cosmos/anaconda3/bin/../x86_64-conda-linux-gnu/sysroot/usr/lib/../lib/crtn.o -rpath /home/cosmos/anaconda3/lib
COLLECT_GCC_OPTIONS='-fvisibility=default' '-L/home/cosmos/anaconda3/lib' '-v' '-o' 'cmTC_25227' '-shared-libgcc' '-mtune=generic' '-march=x86-64' '-dumpdir' 'cmTC_25227.'
gmake[1]: Leaving directory '/home/cosmos/alphazero-multi-game/build_new/CMakeFiles/CMakeTmp'



Parsed CXX implicit include dir info from above output: rv=done
  found start of include info
  found start of implicit include info
    add: [/home/cosmos/anaconda3/bin/../lib/gcc/x86_64-conda-linux-gnu/14.2.0/include/c++]
    add: [/home/cosmos/anaconda3/bin/../lib/gcc/x86_64-conda-linux-gnu/14.2.0/include/c++/x86_64-conda-linux-gnu]
    add: [/home/cosmos/anaconda3/bin/../lib/gcc/x86_64-conda-linux-gnu/14.2.0/include/c++/backward]
    add: [/home/cosmos/anaconda3/bin/../lib/gcc/x86_64-conda-linux-gnu/14.2.0/include]
    add: [/home/cosmos/anaconda3/bin/../lib/gcc/x86_64-conda-linux-gnu/14.2.0/include-fixed]
    add: [/home/cosmos/anaconda3/bin/../x86_64-conda-linux-gnu/sysroot/usr/include]
  end of search list found
  collapse include dir [/home/cosmos/anaconda3/bin/../lib/gcc/x86_64-conda-linux-gnu/14.2.0/include/c++] ==> [/home/cosmos/anaconda3/lib/gcc/x86_64-conda-linux-gnu/14.2.0/include/c++]
  collapse include dir [/home/cosmos/anaconda3/bin/../lib/gcc/x86_64-conda-linux-gnu/14.2.0/include/c++/x86_64-conda-linux-gnu] ==> [/home/cosmos/anaconda3/lib/gcc/x86_64-conda-linux-gnu/14.2.0/include/c++/x86_64-conda-linux-gnu]
  collapse include dir [/home/cosmos/anaconda3/bin/../lib/gcc/x86_64-conda-linux-gnu/14.2.0/include/c++/backward] ==> [/home/cosmos/anaconda3/lib/gcc/x86_64-conda-linux-gnu/14.2.0/include/c++/backward]
  collapse include dir [/home/cosmos/anaconda3/bin/../lib/gcc/x86_64-conda-linux-gnu/14.2.0/include] ==> [/home/cosmos/anaconda3/lib/gcc/x86_64-conda-linux-gnu/14.2.0/include]
  collapse include dir [/home/cosmos/anaconda3/bin/../lib/gcc/x86_64-conda-linux-gnu/14.2.0/include-fixed] ==> [/home/cosmos/anaconda3/lib/gcc/x86_64-conda-linux-gnu/14.2.0/include-fixed]
  collapse include dir [/home/cosmos/anaconda3/bin/../x86_64-conda-linux-gnu/sysroot/usr/include] ==> [/home/cosmos/anaconda3/x86_64-conda-linux-gnu/sysroot/usr/include]
  implicit include dirs: [/home/cosmos/anaconda3/lib/gcc/x86_64-conda-linux-gnu/14.2.0/include/c++;/home/cosmos/anaconda3/lib/gcc/x86_64-conda-linux-gnu/14.2.0/include/c++/x86_64-conda-linux-gnu;/home/cosmos/anaconda3/lib/gcc/x86_64-conda-linux-gnu/14.2.0/include/c++/backward;/home/cosmos/anaconda3/lib/gcc/x86_64-conda-linux-gnu/14.2.0/include;/home/cosmos/anaconda3/lib/gcc/x86_64-conda-linux-gnu/14.2.0/include-fixed;/home/cosmos/anaconda3/x86_64-conda-linux-gnu/sysroot/usr/include]


Parsed CXX implicit link information from above output:
  link line regex: [^( *|.*[/\])(x86_64-conda-linux-gnu-ld|CMAKE_LINK_STARTFILE-NOTFOUND|([^/\]+-)?ld|collect2)[^/\]*( |$)]
  ignore line: [Change Dir: /home/cosmos/alphazero-multi-game/build_new/CMakeFiles/CMakeTmp]
  ignore line: []
  ignore line: [Run Build Command(s):/usr/bin/gmake -f Makefile cmTC_25227/fast && /usr/bin/gmake  -f CMakeFiles/cmTC_25227.dir/build.make CMakeFiles/cmTC_25227.dir/build]
  ignore line: [gmake[1]: Entering directory '/home/cosmos/alphazero-multi-game/build_new/CMakeFiles/CMakeTmp']
  ignore line: [Building CXX object CMakeFiles/cmTC_25227.dir/CMakeCXXCompilerABI.cpp.o]
  ignore line: [/home/cosmos/anaconda3/bin/x86_64-conda-linux-gnu-c++   -fvisibility=default    -v -o CMakeFiles/cmTC_25227.dir/CMakeCXXCompilerABI.cpp.o -c /usr/share/cmake-3.22/Modules/CMakeCXXCompilerABI.cpp]
  ignore line: [Reading specs from /home/cosmos/anaconda3/bin/../lib/gcc/x86_64-conda-linux-gnu/14.2.0/specs]
  ignore line: [could not find specs file conda.specs]
  ignore line: [COLLECT_GCC=/home/cosmos/anaconda3/bin/x86_64-conda-linux-gnu-c++]
  ignore line: [Target: x86_64-conda-linux-gnu]
  ignore line: [Configured with: ../configure --prefix=/home/conda/feedstock_root/build_artifacts/gcc_compilers_1740238128824/_h_env_placehold_placehold_placehold_placehold_placehold_placehold_placehold_placehold_placehold_placehold_placehold_placehold_placehold_placehold_placehold_placehold_placehold_placeho --with-slibdir=/home/conda/feedstock_root/build_artifacts/gcc_compilers_1740238128824/_h_env_placehold_placehold_placehold_placehold_placehold_placehold_placehold_placehold_placehold_placehold_placehold_placehold_placehold_placehold_placehold_placehold_placehold_placeho/lib --libdir=/home/conda/feedstock_root/build_artifacts/gcc_compilers_1740238128824/_h_env_placehold_placehold_placehold_placehold_placehold_placehold_placehold_placehold_placehold_placehold_placehold_placehold_placehold_placehold_placehold_placehold_placehold_placeho/lib --mandir=/home/conda/feedstock_root/build_artifacts/gcc_compilers_1740238128824/_h_env_placehold_placehold_placehold_placehold_placehold_placehold_placehold_placehold_placehold_placehold_placehold_placehold_placehold_placehold_placehold_placehold_placehold_placeho/man --build=x86_64-conda-linux-gnu --host=x86_64-conda-linux-gnu --target=x86_64-conda-linux-gnu --enable-languages=c c++ fortran objc obj-c++ --enable-__cxa_atexit --disable-libmudflap --enable-libgomp --disable-libssp --enable-libquadmath --enable-libquadmath-support --enable-lto --enable-target-optspace --enable-plugin --enable-gold --disable-nls --disable-bootstrap --disable-multilib --enable-long-long --with-sysroot=/home/conda/feedstock_root/build_artifacts/gcc_compilers_1740238128824/_h_env_placehold_placehold_placehold_placehold_placehold_placehold_placehold_placehold_placehold_placehold_placehold_placehold_placehold_placehold_placehold_placehold_placehold_placeho/x86_64-conda-linux-gnu/sysroot --with-build-sysroot=/home/conda/feedstock_root/build_artifacts/gcc_compilers_1740238128824/work/cf-compilers/x86_64-conda-linux-gnu/sysroot --with-native-system-header-dir=/usr/include --with-gxx-include-dir=/home/conda/feedstock_root/build_artifacts/gcc_compilers_1740238128824/_h_env_placehold_placehold_placehold_placehold_placehold_placehold_placehold_placehold_placehold_placehold_placehold_placehold_placehold_placehold_placehold_placehold_placehold_placeho/lib/gcc/x86_64-conda-linux-gnu/14.2.0/include/c++ --with-pkgversion='conda-forge gcc 14.2.0-2' --with-bugurl=https://github.com/conda-forge/ctng-compilers-feedstock/issues/new/choose --enable-libsanitizer --enable-default-pie --enable-threads=posix]
  ignore line: [Thread model: posix]
  ignore line: [Supported LTO compression algorithms: zlib]
  ignore line: [gcc version 14.2.0 (conda-forge gcc 14.2.0-2) ]
  ignore line: [COLLECT_GCC_OPTIONS='-fvisibility=default' '-v' '-o' 'CMakeFiles/cmTC_25227.dir/CMakeCXXCompilerABI.cpp.o' '-c' '-shared-libgcc' '-mtune=generic' '-march=x86-64' '-dumpdir' 'CMakeFiles/cmTC_25227.dir/']
  ignore line: [ /home/cosmos/anaconda3/bin/../libexec/gcc/x86_64-conda-linux-gnu/14.2.0/cc1plus -quiet -v -iprefix /home/cosmos/anaconda3/bin/../lib/gcc/x86_64-conda-linux-gnu/14.2.0/ -isysroot /home/cosmos/anaconda3/bin/../x86_64-conda-linux-gnu/sysroot -D_GNU_SOURCE /usr/share/cmake-3.22/Modules/CMakeCXXCompilerABI.cpp -quiet -dumpdir CMakeFiles/cmTC_25227.dir/ -dumpbase CMakeCXXCompilerABI.cpp.cpp -dumpbase-ext .cpp -mtune=generic -march=x86-64 -version -fvisibility=default -o /tmp/ccpiOF0t.s]
  ignore line: [GNU C++17 (conda-forge gcc 14.2.0-2) version 14.2.0 (x86_64-conda-linux-gnu)]
  ignore line: [	compiled by GNU C version 14.2.0  GMP version 6.2.1  MPFR version 4.1.0  MPC version 1.2.1  isl version isl-0.24-GMP]
  ignore line: []
  ignore line: [GGC heuristics: --param ggc-min-expand=100 --param ggc-min-heapsize=131072]
  ignore line: [ignoring nonexistent directory "/home/cosmos/anaconda3/bin/../lib/gcc/x86_64-conda-linux-gnu/14.2.0/../../../../x86_64-conda-linux-gnu/include"]
  ignore line: [ignoring duplicate directory "/home/cosmos/anaconda3/bin/../lib/gcc/../../lib/gcc/x86_64-conda-linux-gnu/14.2.0/include/c++"]
  ignore line: [ignoring duplicate directory "/home/cosmos/anaconda3/bin/../lib/gcc/../../lib/gcc/x86_64-conda-linux-gnu/14.2.0/include/c++/x86_64-conda-linux-gnu"]
  ignore line: [ignoring duplicate directory "/home/cosmos/anaconda3/bin/../lib/gcc/../../lib/gcc/x86_64-conda-linux-gnu/14.2.0/include/c++/backward"]
  ignore line: [ignoring duplicate directory "/home/cosmos/anaconda3/bin/../lib/gcc/../../lib/gcc/x86_64-conda-linux-gnu/14.2.0/include"]
  ignore line: [ignoring nonexistent directory "/home/cosmos/anaconda3/bin/../x86_64-conda-linux-gnu/sysroot/usr/local/include"]
  ignore line: [ignoring duplicate directory "/home/cosmos/anaconda3/bin/../lib/gcc/../../lib/gcc/x86_64-conda-linux-gnu/14.2.0/include-fixed"]
  ignore line: [ignoring nonexistent directory "/home/cosmos/anaconda3/bin/../lib/gcc/../../lib/gcc/x86_64-conda-linux-gnu/14.2.0/../../../../x86_64-conda-linux-gnu/include"]
  ignore line: [#include "..." search starts here:]
  ignore line: [#include <...> search starts here:]
  ignore line: [ /home/cosmos/anaconda3/bin/../lib/gcc/x86_64-conda-linux-gnu/14.2.0/include/c++]
  ignore line: [ /home/cosmos/anaconda3/bin/../lib/gcc/x86_64-conda-linux-gnu/14.2.0/include/c++/x86_64-conda-linux-gnu]
  ignore line: [ /home/cosmos/anaconda3/bin/../lib/gcc/x86_64-conda-linux-gnu/14.2.0/include/c++/backward]
  ignore line: [ /home/cosmos/anaconda3/bin/../lib/gcc/x86_64-conda-linux-gnu/14.2.0/include]
  ignore line: [ /home/cosmos/anaconda3/bin/../lib/gcc/x86_64-conda-linux-gnu/14.2.0/include-fixed]
  ignore line: [ /home/cosmos/anaconda3/bin/../x86_64-conda-linux-gnu/sysroot/usr/include]
  ignore line: [End of search list.]
  ignore line: [Compiler executable checksum: 471cb6a3a6e905902e47e89d6a5c33f7]
  ignore line: [COLLECT_GCC_OPTIONS='-fvisibility=default' '-v' '-o' 'CMakeFiles/cmTC_25227.dir/CMakeCXXCompilerABI.cpp.o' '-c' '-shared-libgcc' '-mtune=generic' '-march=x86-64' '-dumpdir' 'CMakeFiles/cmTC_25227.dir/']
  ignore line: [ /home/cosmos/anaconda3/bin/../lib/gcc/x86_64-conda-linux-gnu/14.2.0/../../../../x86_64-conda-linux-gnu/bin/as -v --64 -o CMakeFiles/cmTC_25227.dir/CMakeCXXCompilerABI.cpp.o /tmp/ccpiOF0t.s]
  ignore line: [GNU assembler version 2.43 (x86_64-conda-linux-gnu) using BFD version (GNU Binutils) 2.43]
  ignore line: [COMPILER_PATH=/home/cosmos/anaconda3/bin/../libexec/gcc/x86_64-conda-linux-gnu/14.2.0/:/home/cosmos/anaconda3/bin/../libexec/gcc/:/home/cosmos/anaconda3/bin/../lib/gcc/x86_64-conda-linux-gnu/14.2.0/../../../../x86_64-conda-linux-gnu/bin/]
  ignore line: [LIBRARY_PATH=/home/cosmos/anaconda3/bin/../lib/gcc/x86_64-conda-linux-gnu/14.2.0/:/home/cosmos/anaconda3/bin/../lib/gcc/:/home/cosmos/anaconda3/bin/../lib/gcc/x86_64-conda-linux-gnu/14.2.0/../../../../x86_64-conda-linux-gnu/lib/../lib/:/home/cosmos/anaconda3/bin/../lib/gcc/x86_64-conda-linux-gnu/14.2.0/../../../../lib/:/home/cosmos/anaconda3/bin/../x86_64-conda-linux-gnu/sysroot/lib/../lib/:/home/cosmos/anaconda3/bin/../x86_64-conda-linux-gnu/sysroot/usr/lib/../lib/:/home/cosmos/anaconda3/bin/../lib/gcc/x86_64-conda-linux-gnu/14.2.0/../../../../x86_64-conda-linux-gnu/lib/:/home/cosmos/anaconda3/bin/../lib/gcc/x86_64-conda-linux-gnu/14.2.0/../../../:/home/cosmos/anaconda3/bin/../x86_64-conda-linux-gnu/sysroot/lib/:/home/cosmos/anaconda3/bin/../x86_64-conda-linux-gnu/sysroot/usr/lib/]
  ignore line: [COLLECT_GCC_OPTIONS='-fvisibility=default' '-v' '-o' 'CMakeFiles/cmTC_25227.dir/CMakeCXXCompilerABI.cpp.o' '-c' '-shared-libgcc' '-mtune=generic' '-march=x86-64' '-dumpdir' 'CMakeFiles/cmTC_25227.dir/CMakeCXXCompilerABI.cpp.']
  ignore line: [Linking CXX executable cmTC_25227]
  ignore line: [/usr/bin/cmake -E cmake_link_script CMakeFiles/cmTC_25227.dir/link.txt --verbose=1]
  ignore line: [/home/cosmos/anaconda3/bin/x86_64-conda-linux-gnu-c++ -fvisibility=default  -Wl -O2 -Wl --sort-common -Wl --as-needed -Wl -z relro -Wl -z now -Wl --disable-new-dtags -Wl --gc-sections -Wl --allow-shlib-undefined -Wl -rpath /home/cosmos/anaconda3/lib -Wl -rpath-link /home/cosmos/anaconda3/lib -L/home/cosmos/anaconda3/lib -v CMakeFiles/cmTC_25227.dir/CMakeCXXCompilerABI.cpp.o -o cmTC_25227 ]
  ignore line: [Reading specs from /home/cosmos/anaconda3/bin/../lib/gcc/x86_64-conda-linux-gnu/14.2.0/specs]
  ignore line: [could not find specs file conda.specs]
  ignore line: [COLLECT_GCC=/home/cosmos/anaconda3/bin/x86_64-conda-linux-gnu-c++]
  ignore line: [COLLECT_LTO_WRAPPER=/home/cosmos/anaconda3/bin/../libexec/gcc/x86_64-conda-linux-gnu/14.2.0/lto-wrapper]
  ignore line: [Target: x86_64-conda-linux-gnu]
  ignore line: [Configured with: ../configure --prefix=/home/conda/feedstock_root/build_artifacts/gcc_compilers_1740238128824/_h_env_placehold_placehold_placehold_placehold_placehold_placehold_placehold_placehold_placehold_placehold_placehold_placehold_placehold_placehold_placehold_placehold_placehold_placeho --with-slibdir=/home/conda/feedstock_root/build_artifacts/gcc_compilers_1740238128824/_h_env_placehold_placehold_placehold_placehold_placehold_placehold_placehold_placehold_placehold_placehold_placehold_placehold_placehold_placehold_placehold_placehold_placehold_placeho/lib --libdir=/home/conda/feedstock_root/build_artifacts/gcc_compilers_1740238128824/_h_env_placehold_placehold_placehold_placehold_placehold_placehold_placehold_placehold_placehold_placehold_placehold_placehold_placehold_placehold_placehold_placehold_placehold_placeho/lib --mandir=/home/conda/feedstock_root/build_artifacts/gcc_compilers_1740238128824/_h_env_placehold_placehold_placehold_placehold_placehold_placehold_placehold_placehold_placehold_placehold_placehold_placehold_placehold_placehold_placehold_placehold_placehold_placeho/man --build=x86_64-conda-linux-gnu --host=x86_64-conda-linux-gnu --target=x86_64-conda-linux-gnu --enable-languages=c c++ fortran objc obj-c++ --enable-__cxa_atexit --disable-libmudflap --enable-libgomp --disable-libssp --enable-libquadmath --enable-libquadmath-support --enable-lto --enable-target-optspace --enable-plugin --enable-gold --disable-nls --disable-bootstrap --disable-multilib --enable-long-long --with-sysroot=/home/conda/feedstock_root/build_artifacts/gcc_compilers_1740238128824/_h_env_placehold_placehold_placehold_placehold_placehold_placehold_placehold_placehold_placehold_placehold_placehold_placehold_placehold_placehold_placehold_placehold_placehold_placeho/x86_64-conda-linux-gnu/sysroot --with-build-sysroot=/home/conda/feedstock_root/build_artifacts/gcc_compilers_1740238128824/work/cf-compilers/x86_64-conda-linux-gnu/sysroot --with-native-system-header-dir=/usr/include --with-gxx-include-dir=/home/conda/feedstock_root/build_artifacts/gcc_compilers_1740238128824/_h_env_placehold_placehold_placehold_placehold_placehold_placehold_placehold_placehold_placehold_placehold_placehold_placehold_placehold_placehold_placehold_placehold_placehold_placeho/lib/gcc/x86_64-conda-linux-gnu/14.2.0/include/c++ --with-pkgversion='conda-forge gcc 14.2.0-2' --with-bugurl=https://github.com/conda-forge/ctng-compilers-feedstock/issues/new/choose --enable-libsanitizer --enable-default-pie --enable-threads=posix]
  ignore line: [Thread model: posix]
  ignore line: [Supported LTO compression algorithms: zlib]
  ignore line: [gcc version 14.2.0 (conda-forge gcc 14.2.0-2) ]
  ignore line: [COMPILER_PATH=/home/cosmos/anaconda3/bin/../libexec/gcc/x86_64-conda-linux-gnu/14.2.0/:/home/cosmos/anaconda3/bin/../libexec/gcc/:/home/cosmos/anaconda3/bin/../lib/gcc/x86_64-conda-linux-gnu/14.2.0/../../../../x86_64-conda-linux-gnu/bin/]
  ignore line: [LIBRARY_PATH=/home/cosmos/anaconda3/bin/../lib/gcc/x86_64-conda-linux-gnu/14.2.0/:/home/cosmos/anaconda3/bin/../lib/gcc/:/home/cosmos/anaconda3/bin/../lib/gcc/x86_64-conda-linux-gnu/14.2.0/../../../../x86_64-conda-linux-gnu/lib/../lib/:/home/cosmos/anaconda3/bin/../lib/gcc/x86_64-conda-linux-gnu/14.2.0/../../../../lib/:/home/cosmos/anaconda3/bin/../x86_64-conda-linux-gnu/sysroot/lib/../lib/:/home/cosmos/anaconda3/bin/../x86_64-conda-linux-gnu/sysroot/usr/lib/../lib/:/home/cosmos/anaconda3/bin/../lib/gcc/x86_64-conda-linux-gnu/14.2.0/../../../../x86_64-conda-linux-gnu/lib/:/home/cosmos/anaconda3/bin/../lib/gcc/x86_64-conda-linux-gnu/14.2.0/../../../:/home/cosmos/anaconda3/bin/../x86_64-conda-linux-gnu/sysroot/lib/:/home/cosmos/anaconda3/bin/../x86_64-conda-linux-gnu/sysroot/usr/lib/]
  ignore line: [COLLECT_GCC_OPTIONS='-fvisibility=default' '-L/home/cosmos/anaconda3/lib' '-v' '-o' 'cmTC_25227' '-shared-libgcc' '-mtune=generic' '-march=x86-64' '-dumpdir' 'cmTC_25227.']
  link line: [ /home/cosmos/anaconda3/bin/../libexec/gcc/x86_64-conda-linux-gnu/14.2.0/collect2 -plugin /home/cosmos/anaconda3/bin/../libexec/gcc/x86_64-conda-linux-gnu/14.2.0/liblto_plugin.so -plugin-opt=/home/cosmos/anaconda3/bin/../libexec/gcc/x86_64-conda-linux-gnu/14.2.0/lto-wrapper -plugin-opt=-fresolution=/tmp/ccdasC7m.res -plugin-opt=-pass-through=-lgcc_s -plugin-opt=-pass-through=-lgcc -plugin-opt=-pass-through=-lc -plugin-opt=-pass-through=-lgcc_s -plugin-opt=-pass-through=-lgcc --sysroot=/home/cosmos/anaconda3/bin/../x86_64-conda-linux-gnu/sysroot --eh-frame-hdr -m elf_x86_64 -dynamic-linker /lib64/ld-linux-x86-64.so.2 -pie -o cmTC_25227 /home/cosmos/anaconda3/bin/../x86_64-conda-linux-gnu/sysroot/usr/lib/../lib/Scrt1.o /home/cosmos/anaconda3/bin/../x86_64-conda-linux-gnu/sysroot/usr/lib/../lib/crti.o /home/cosmos/anaconda3/bin/../lib/gcc/x86_64-conda-linux-gnu/14.2.0/crtbeginS.o -L/home/cosmos/anaconda3/lib -L/home/cosmos/anaconda3/bin/../lib/gcc/x86_64-conda-linux-gnu/14.2.0 -L/home/cosmos/anaconda3/bin/../lib/gcc -L/home/cosmos/anaconda3/bin/../lib/gcc/x86_64-conda-linux-gnu/14.2.0/../../../../x86_64-conda-linux-gnu/lib/../lib -L/home/cosmos/anaconda3/bin/../lib/gcc/x86_64-conda-linux-gnu/14.2.0/../../../../lib -L/home/cosmos/anaconda3/bin/../x86_64-conda-linux-gnu/sysroot/lib/../lib -L/home/cosmos/anaconda3/bin/../x86_64-conda-linux-gnu/sysroot/usr/lib/../lib -L/home/cosmos/anaconda3/bin/../lib/gcc/x86_64-conda-linux-gnu/14.2.0/../../../../x86_64-conda-linux-gnu/lib -L/home/cosmos/anaconda3/bin/../lib/gcc/x86_64-conda-linux-gnu/14.2.0/../../.. -L/home/cosmos/anaconda3/bin/../x86_64-conda-linux-gnu/sysroot/lib -L/home/cosmos/anaconda3/bin/../x86_64-conda-linux-gnu/sysroot/usr/lib -O2 --sort-common --as-needed -z relro -z now --disable-new-dtags --gc-sections --allow-shlib-undefined -rpath /home/cosmos/anaconda3/lib -rpath-link /home/cosmos/anaconda3/lib CMakeFiles/cmTC_25227.dir/CMakeCXXCompilerABI.cpp.o -lstdc++ -lm -lgcc_s -lgcc -lc -lgcc_s -lgcc /home/cosmos/anaconda3/bin/../lib/gcc/x86_64-conda-linux-gnu/14.2.0/crtendS.o /home/cosmos/anaconda3/bin/../x86_64-conda-linux-gnu/sysroot/usr/lib/../lib/crtn.o -rpath /home/cosmos/anaconda3/lib]
    arg [/home/cosmos/anaconda3/bin/../libexec/gcc/x86_64-conda-linux-gnu/14.2.0/collect2] ==> ignore
    arg [-plugin] ==> ignore
    arg [/home/cosmos/anaconda3/bin/../libexec/gcc/x86_64-conda-linux-gnu/14.2.0/liblto_plugin.so] ==> ignore
    arg [-plugin-opt=/home/cosmos/anaconda3/bin/../libexec/gcc/x86_64-conda-linux-gnu/14.2.0/lto-wrapper] ==> ignore
    arg [-plugin-opt=-fresolution=/tmp/ccdasC7m.res] ==> ignore
    arg [-plugin-opt=-pass-through=-lgcc_s] ==> ignore
    arg [-plugin-opt=-pass-through=-lgcc] ==> ignore
    arg [-plugin-opt=-pass-through=-lc] ==> ignore
    arg [-plugin-opt=-pass-through=-lgcc_s] ==> ignore
    arg [-plugin-opt=-pass-through=-lgcc] ==> ignore
    arg [--sysroot=/home/cosmos/anaconda3/bin/../x86_64-conda-linux-gnu/sysroot] ==> ignore
    arg [--eh-frame-hdr] ==> ignore
    arg [-m] ==> ignore
    arg [elf_x86_64] ==> ignore
    arg [-dynamic-linker] ==> ignore
    arg [/lib64/ld-linux-x86-64.so.2] ==> ignore
    arg [-pie] ==> ignore
    arg [-o] ==> ignore
    arg [cmTC_25227] ==> ignore
    arg [/home/cosmos/anaconda3/bin/../x86_64-conda-linux-gnu/sysroot/usr/lib/../lib/Scrt1.o] ==> obj [/home/cosmos/anaconda3/bin/../x86_64-conda-linux-gnu/sysroot/usr/lib/../lib/Scrt1.o]
    arg [/home/cosmos/anaconda3/bin/../x86_64-conda-linux-gnu/sysroot/usr/lib/../lib/crti.o] ==> obj [/home/cosmos/anaconda3/bin/../x86_64-conda-linux-gnu/sysroot/usr/lib/../lib/crti.o]
    arg [/home/cosmos/anaconda3/bin/../lib/gcc/x86_64-conda-linux-gnu/14.2.0/crtbeginS.o] ==> obj [/home/cosmos/anaconda3/bin/../lib/gcc/x86_64-conda-linux-gnu/14.2.0/crtbeginS.o]
    arg [-L/home/cosmos/anaconda3/lib] ==> dir [/home/cosmos/anaconda3/lib]
    arg [-L/home/cosmos/anaconda3/bin/../lib/gcc/x86_64-conda-linux-gnu/14.2.0] ==> dir [/home/cosmos/anaconda3/bin/../lib/gcc/x86_64-conda-linux-gnu/14.2.0]
    arg [-L/home/cosmos/anaconda3/bin/../lib/gcc] ==> dir [/home/cosmos/anaconda3/bin/../lib/gcc]
    arg [-L/home/cosmos/anaconda3/bin/../lib/gcc/x86_64-conda-linux-gnu/14.2.0/../../../../x86_64-conda-linux-gnu/lib/../lib] ==> dir [/home/cosmos/anaconda3/bin/../lib/gcc/x86_64-conda-linux-gnu/14.2.0/../../../../x86_64-conda-linux-gnu/lib/../lib]
    arg [-L/home/cosmos/anaconda3/bin/../lib/gcc/x86_64-conda-linux-gnu/14.2.0/../../../../lib] ==> dir [/home/cosmos/anaconda3/bin/../lib/gcc/x86_64-conda-linux-gnu/14.2.0/../../../../lib]
    arg [-L/home/cosmos/anaconda3/bin/../x86_64-conda-linux-gnu/sysroot/lib/../lib] ==> dir [/home/cosmos/anaconda3/bin/../x86_64-conda-linux-gnu/sysroot/lib/../lib]
    arg [-L/home/cosmos/anaconda3/bin/../x86_64-conda-linux-gnu/sysroot/usr/lib/../lib] ==> dir [/home/cosmos/anaconda3/bin/../x86_64-conda-linux-gnu/sysroot/usr/lib/../lib]
    arg [-L/home/cosmos/anaconda3/bin/../lib/gcc/x86_64-conda-linux-gnu/14.2.0/../../../../x86_64-conda-linux-gnu/lib] ==> dir [/home/cosmos/anaconda3/bin/../lib/gcc/x86_64-conda-linux-gnu/14.2.0/../../../../x86_64-conda-linux-gnu/lib]
    arg [-L/home/cosmos/anaconda3/bin/../lib/gcc/x86_64-conda-linux-gnu/14.2.0/../../..] ==> dir [/home/cosmos/anaconda3/bin/../lib/gcc/x86_64-conda-linux-gnu/14.2.0/../../..]
    arg [-L/home/cosmos/anaconda3/bin/../x86_64-conda-linux-gnu/sysroot/lib] ==> dir [/home/cosmos/anaconda3/bin/../x86_64-conda-linux-gnu/sysroot/lib]
    arg [-L/home/cosmos/anaconda3/bin/../x86_64-conda-linux-gnu/sysroot/usr/lib] ==> dir [/home/cosmos/anaconda3/bin/../x86_64-conda-linux-gnu/sysroot/usr/lib]
    arg [-O2] ==> ignore
    arg [--sort-common] ==> ignore
    arg [--as-needed] ==> ignore
    arg [-zrelro] ==> ignore
    arg [-znow] ==> ignore
    arg [--disable-new-dtags] ==> ignore
    arg [--gc-sections] ==> ignore
    arg [--allow-shlib-undefined] ==> ignore
    arg [-rpath] ==> ignore
    arg [/home/cosmos/anaconda3/lib] ==> ignore
    arg [-rpath-link] ==> ignore
    arg [/home/cosmos/anaconda3/lib] ==> ignore
    arg [CMakeFiles/cmTC_25227.dir/CMakeCXXCompilerABI.cpp.o] ==> ignore
    arg [-lstdc++] ==> lib [stdc++]
    arg [-lm] ==> lib [m]
    arg [-lgcc_s] ==> lib [gcc_s]
    arg [-lgcc] ==> lib [gcc]
    arg [-lc] ==> lib [c]
    arg [-lgcc_s] ==> lib [gcc_s]
    arg [-lgcc] ==> lib [gcc]
    arg [/home/cosmos/anaconda3/bin/../lib/gcc/x86_64-conda-linux-gnu/14.2.0/crtendS.o] ==> obj [/home/cosmos/anaconda3/bin/../lib/gcc/x86_64-conda-linux-gnu/14.2.0/crtendS.o]
    arg [/home/cosmos/anaconda3/bin/../x86_64-conda-linux-gnu/sysroot/usr/lib/../lib/crtn.o] ==> obj [/home/cosmos/anaconda3/bin/../x86_64-conda-linux-gnu/sysroot/usr/lib/../lib/crtn.o]
    arg [-rpath] ==> ignore
    arg [/home/cosmos/anaconda3/lib] ==> ignore
  collapse obj [/home/cosmos/anaconda3/bin/../x86_64-conda-linux-gnu/sysroot/usr/lib/../lib/Scrt1.o] ==> [/home/cosmos/anaconda3/x86_64-conda-linux-gnu/sysroot/usr/lib/Scrt1.o]
  collapse obj [/home/cosmos/anaconda3/bin/../x86_64-conda-linux-gnu/sysroot/usr/lib/../lib/crti.o] ==> [/home/cosmos/anaconda3/x86_64-conda-linux-gnu/sysroot/usr/lib/crti.o]
  collapse obj [/home/cosmos/anaconda3/bin/../lib/gcc/x86_64-conda-linux-gnu/14.2.0/crtbeginS.o] ==> [/home/cosmos/anaconda3/lib/gcc/x86_64-conda-linux-gnu/14.2.0/crtbeginS.o]
  collapse obj [/home/cosmos/anaconda3/bin/../lib/gcc/x86_64-conda-linux-gnu/14.2.0/crtendS.o] ==> [/home/cosmos/anaconda3/lib/gcc/x86_64-conda-linux-gnu/14.2.0/crtendS.o]
  collapse obj [/home/cosmos/anaconda3/bin/../x86_64-conda-linux-gnu/sysroot/usr/lib/../lib/crtn.o] ==> [/home/cosmos/anaconda3/x86_64-conda-linux-gnu/sysroot/usr/lib/crtn.o]
  collapse library dir [/home/cosmos/anaconda3/lib] ==> [/home/cosmos/anaconda3/lib]
  collapse library dir [/home/cosmos/anaconda3/bin/../lib/gcc/x86_64-conda-linux-gnu/14.2.0] ==> [/home/cosmos/anaconda3/lib/gcc/x86_64-conda-linux-gnu/14.2.0]
  collapse library dir [/home/cosmos/anaconda3/bin/../lib/gcc] ==> [/home/cosmos/anaconda3/lib/gcc]
  collapse library dir [/home/cosmos/anaconda3/bin/../lib/gcc/x86_64-conda-linux-gnu/14.2.0/../../../../x86_64-conda-linux-gnu/lib/../lib] ==> [/home/cosmos/anaconda3/x86_64-conda-linux-gnu/lib]
  collapse library dir [/home/cosmos/anaconda3/bin/../lib/gcc/x86_64-conda-linux-gnu/14.2.0/../../../../lib] ==> [/home/cosmos/anaconda3/lib]
  collapse library dir [/home/cosmos/anaconda3/bin/../x86_64-conda-linux-gnu/sysroot/lib/../lib] ==> [/home/cosmos/anaconda3/x86_64-conda-linux-gnu/sysroot/lib]
  collapse library dir [/home/cosmos/anaconda3/bin/../x86_64-conda-linux-gnu/sysroot/usr/lib/../lib] ==> [/home/cosmos/anaconda3/x86_64-conda-linux-gnu/sysroot/usr/lib]
  collapse library dir [/home/cosmos/anaconda3/bin/../lib/gcc/x86_64-conda-linux-gnu/14.2.0/../../../../x86_64-conda-linux-gnu/lib] ==> [/home/cosmos/anaconda3/x86_64-conda-linux-gnu/lib]
  collapse library dir [/home/cosmos/anaconda3/bin/../lib/gcc/x86_64-conda-linux-gnu/14.2.0/../../..] ==> [/home/cosmos/anaconda3/lib]
  collapse library dir [/home/cosmos/anaconda3/bin/../x86_64-conda-linux-gnu/sysroot/lib] ==> [/home/cosmos/anaconda3/x86_64-conda-linux-gnu/sysroot/lib]
  collapse library dir [/home/cosmos/anaconda3/bin/../x86_64-conda-linux-gnu/sysroot/usr/lib] ==> [/home/cosmos/anaconda3/x86_64-conda-linux-gnu/sysroot/usr/lib]
  implicit libs: [stdc++;m;gcc_s;gcc;c;gcc_s;gcc]
  implicit objs: [/home/cosmos/anaconda3/x86_64-conda-linux-gnu/sysroot/usr/lib/Scrt1.o;/home/cosmos/anaconda3/x86_64-conda-linux-gnu/sysroot/usr/lib/crti.o;/home/cosmos/anaconda3/lib/gcc/x86_64-conda-linux-gnu/14.2.0/crtbeginS.o;/home/cosmos/anaconda3/lib/gcc/x86_64-conda-linux-gnu/14.2.0/crtendS.o;/home/cosmos/anaconda3/x86_64-conda-linux-gnu/sysroot/usr/lib/crtn.o]
  implicit dirs: [/home/cosmos/anaconda3/lib;/home/cosmos/anaconda3/lib/gcc/x86_64-conda-linux-gnu/14.2.0;/home/cosmos/anaconda3/lib/gcc;/home/cosmos/anaconda3/x86_64-conda-linux-gnu/lib;/home/cosmos/anaconda3/x86_64-conda-linux-gnu/sysroot/lib;/home/cosmos/anaconda3/x86_64-conda-linux-gnu/sysroot/usr/lib]
  implicit fwks: []


Determining if the include file pthread.h exists passed with the following output:
Change Dir: /home/cosmos/alphazero-multi-game/build_new/CMakeFiles/CMakeTmp

Run Build Command(s):/usr/bin/gmake -f Makefile cmTC_b9d60/fast && /usr/bin/gmake  -f CMakeFiles/cmTC_b9d60.dir/build.make CMakeFiles/cmTC_b9d60.dir/build
gmake[1]: Entering directory '/home/cosmos/alphazero-multi-game/build_new/CMakeFiles/CMakeTmp'
Building CXX object CMakeFiles/cmTC_b9d60.dir/CheckIncludeFile.cxx.o
/home/cosmos/anaconda3/bin/x86_64-conda-linux-gnu-c++   -fvisibility=default  -fPIE -std=c++17 -o CMakeFiles/cmTC_b9d60.dir/CheckIncludeFile.cxx.o -c /home/cosmos/alphazero-multi-game/build_new/CMakeFiles/CMakeTmp/CheckIncludeFile.cxx
Linking CXX executable cmTC_b9d60
/usr/bin/cmake -E cmake_link_script CMakeFiles/cmTC_b9d60.dir/link.txt --verbose=1
/home/cosmos/anaconda3/bin/x86_64-conda-linux-gnu-c++ -fvisibility=default  -Wl,-O2 -Wl,--sort-common -Wl,--as-needed -Wl,-z,relro -Wl,-z,now -Wl,--disable-new-dtags -Wl,--gc-sections -Wl,--allow-shlib-undefined -Wl,-rpath,/home/cosmos/anaconda3/lib -Wl,-rpath-link,/home/cosmos/anaconda3/lib -L/home/cosmos/anaconda3/lib  CMakeFiles/cmTC_b9d60.dir/CheckIncludeFile.cxx.o -o cmTC_b9d60 
gmake[1]: Leaving directory '/home/cosmos/alphazero-multi-game/build_new/CMakeFiles/CMakeTmp'



Determining if the function pthread_create exists in the pthread passed with the following output:
Change Dir: /home/cosmos/alphazero-multi-game/build_new/CMakeFiles/CMakeTmp

Run Build Command(s):/usr/bin/gmake -f Makefile cmTC_0a072/fast && /usr/bin/gmake  -f CMakeFiles/cmTC_0a072.dir/build.make CMakeFiles/cmTC_0a072.dir/build
gmake[1]: Entering directory '/home/cosmos/alphazero-multi-game/build_new/CMakeFiles/CMakeTmp'
Building CXX object CMakeFiles/cmTC_0a072.dir/CheckFunctionExists.cxx.o
/home/cosmos/anaconda3/bin/x86_64-conda-linux-gnu-c++   -fvisibility=default -DCHECK_FUNCTION_EXISTS=pthread_create -fPIE -std=c++17 -o CMakeFiles/cmTC_0a072.dir/CheckFunctionExists.cxx.o -c /home/cosmos/alphazero-multi-game/build_new/CMakeFiles/CheckLibraryExists/CheckFunctionExists.cxx
Linking CXX executable cmTC_0a072
/usr/bin/cmake -E cmake_link_script CMakeFiles/cmTC_0a072.dir/link.txt --verbose=1
/home/cosmos/anaconda3/bin/x86_64-conda-linux-gnu-c++ -fvisibility=default -DCHECK_FUNCTION_EXISTS=pthread_create -Wl,-O2 -Wl,--sort-common -Wl,--as-needed -Wl,-z,relro -Wl,-z,now -Wl,--disable-new-dtags -Wl,--gc-sections -Wl,--allow-shlib-undefined -Wl,-rpath,/home/cosmos/anaconda3/lib -Wl,-rpath-link,/home/cosmos/anaconda3/lib -L/home/cosmos/anaconda3/lib  CMakeFiles/cmTC_0a072.dir/CheckFunctionExists.cxx.o -o cmTC_0a072  -lpthread 
gmake[1]: Leaving directory '/home/cosmos/alphazero-multi-game/build_new/CMakeFiles/CMakeTmp'



Performing C++ SOURCE FILE Test HAS_FLTO succeeded with the following output:
Change Dir: /home/cosmos/alphazero-multi-game/build_new/CMakeFiles/CMakeTmp

Run Build Command(s):/usr/bin/gmake -f Makefile cmTC_0c5e7/fast && /usr/bin/gmake  -f CMakeFiles/cmTC_0c5e7.dir/build.make CMakeFiles/cmTC_0c5e7.dir/build
gmake[1]: Entering directory '/home/cosmos/alphazero-multi-game/build_new/CMakeFiles/CMakeTmp'
Building CXX object CMakeFiles/cmTC_0c5e7.dir/src.cxx.o
/home/cosmos/anaconda3/bin/x86_64-conda-linux-gnu-c++ -DHAS_FLTO  -fvisibility=default  -fPIE   -flto -fno-fat-lto-objects -std=c++17 -o CMakeFiles/cmTC_0c5e7.dir/src.cxx.o -c /home/cosmos/alphazero-multi-game/build_new/CMakeFiles/CMakeTmp/src.cxx
Linking CXX executable cmTC_0c5e7
/usr/bin/cmake -E cmake_link_script CMakeFiles/cmTC_0c5e7.dir/link.txt --verbose=1
/home/cosmos/anaconda3/bin/x86_64-conda-linux-gnu-c++ -fvisibility=default  -Wl,-O2 -Wl,--sort-common -Wl,--as-needed -Wl,-z,relro -Wl,-z,now -Wl,--disable-new-dtags -Wl,--gc-sections -Wl,--allow-shlib-undefined -Wl,-rpath,/home/cosmos/anaconda3/lib -Wl,-rpath-link,/home/cosmos/anaconda3/lib -L/home/cosmos/anaconda3/lib  CMakeFiles/cmTC_0c5e7.dir/src.cxx.o -o cmTC_0c5e7  -flto 
gmake[1]: Leaving directory '/home/cosmos/alphazero-multi-game/build_new/CMakeFiles/CMakeTmp'


Source file was:
int main() { return 0; }
